Log file open, 11/04/19 19:41:51
LogWindows: Failed to load 'aqProf.dll' (GetLastError=126)
LogWindows: File 'aqProf.dll' does not exist
LogWindows: Failed to load 'VtuneApi.dll' (GetLastError=126)
LogWindows: File 'VtuneApi.dll' does not exist
LogWindows: Failed to load 'VtuneApi32e.dll' (GetLastError=126)
LogWindows: File 'VtuneApi32e.dll' does not exist
LogConsoleResponse: Display: Failed to find resolution value strings in scalability ini. Falling back to default.
LogInit: Display: Running engine for game: TurkeyProject01
LogPlatformFile: Not using cached read wrapper
LogTaskGraph: Started task graph with 5 named threads and 23 total threads with 3 sets of task threads.
LogStats: Stats thread started at 0.067345
LogD3D11RHI: Loaded GFSDK_Aftermath_Lib.x64.dll
LogICUInternationalization: ICU TimeZone Detection - Raw Offset: -5:00, Platform Override: ''
LogPluginManager: Mounting plugin Paper2D
LogPluginManager: Mounting plugin AISupport
LogPluginManager: Mounting plugin LightPropagationVolume
LogPluginManager: Mounting plugin ActorLayerUtilities
LogPluginManager: Mounting plugin AnimationSharing
LogPluginManager: Mounting plugin CLionSourceCodeAccess
LogPluginManager: Mounting plugin CodeLiteSourceCodeAccess
LogPluginManager: Mounting plugin GitSourceControl
LogPluginManager: Mounting plugin KDevelopSourceCodeAccess
LogPluginManager: Mounting plugin NullSourceCodeAccess
LogPluginManager: Mounting plugin PerforceSourceControl
LogPluginManager: Mounting plugin SubversionSourceControl
LogPluginManager: Mounting plugin UObjectPlugin
LogPluginManager: Mounting plugin VisualStudioCodeSourceCodeAccess
LogPluginManager: Mounting plugin VisualStudioSourceCodeAccess
LogPluginManager: Mounting plugin XCodeSourceCodeAccess
LogPluginManager: Mounting plugin AssetManagerEditor
LogPluginManager: Mounting plugin CryptoKeys
LogPluginManager: Mounting plugin CurveEditorTools
LogPluginManager: Mounting plugin DataValidation
LogPluginManager: Mounting plugin FacialAnimation
LogPluginManager: Mounting plugin GameplayTagsEditor
LogPluginManager: Mounting plugin MacGraphicsSwitching
LogPluginManager: Mounting plugin MaterialAnalyzer
LogPluginManager: Mounting plugin MobileLauncherProfileWizard
LogPluginManager: Mounting plugin PluginBrowser
LogPluginManager: Mounting plugin SpeedTreeImporter
LogPluginManager: Mounting plugin DatasmithContent
LogPluginManager: Mounting plugin VariantManagerContent
LogPluginManager: Mounting plugin AlembicImporter
LogPluginManager: Mounting plugin AutomationUtils
LogPluginManager: Mounting plugin BackChannel
LogPluginManager: Mounting plugin CharacterAI
LogPluginManager: Mounting plugin GeometryCache
LogPluginManager: Mounting plugin HTML5Networking
LogPluginManager: Mounting plugin PlatformCrypto
LogPluginManager: Mounting plugin ProxyLODPlugin
LogPluginManager: Mounting plugin SkeletalReduction
LogPluginManager: Mounting plugin MagicLeap
LogPluginManager: Mounting plugin MagicLeapMedia
LogPluginManager: Mounting plugin AndroidMedia
LogPluginManager: Mounting plugin AvfMedia
LogPluginManager: Mounting plugin ImgMedia
LogPluginManager: Mounting plugin MediaCompositing
LogPluginManager: Mounting plugin MediaPlayerEditor
LogPluginManager: Mounting plugin WebMMedia
LogPluginManager: Mounting plugin WmfMedia
LogPluginManager: Mounting plugin TcpMessaging
LogPluginManager: Mounting plugin UdpMessaging
LogPluginManager: Mounting plugin ActorSequence
LogPluginManager: Mounting plugin LevelSequenceEditor
LogPluginManager: Mounting plugin MatineeToLevelSequence
LogPluginManager: Mounting plugin NetcodeUnitTest
LogPluginManager: Mounting plugin NUTUnrealEngine4
LogPluginManager: Mounting plugin OnlineSubsystemGooglePlay
LogPluginManager: Mounting plugin OnlineSubsystemIOS
LogPluginManager: Mounting plugin OnlineSubsystem
LogPluginManager: Mounting plugin OnlineSubsystemNull
LogPluginManager: Mounting plugin OnlineSubsystemUtils
LogPluginManager: Mounting plugin LauncherChunkInstaller
LogPluginManager: Mounting plugin AndroidDeviceProfileSelector
LogPluginManager: Mounting plugin AndroidMoviePlayer
LogPluginManager: Mounting plugin AndroidPermission
LogPluginManager: Mounting plugin AppleImageUtils
LogPluginManager: Mounting plugin AppleMoviePlayer
LogPluginManager: Mounting plugin ArchVisCharacter
LogPluginManager: Mounting plugin AudioCapture
LogPluginManager: Mounting plugin CableComponent
LogPluginManager: Mounting plugin CustomMeshComponent
LogPluginManager: Mounting plugin EditableMesh
LogPluginManager: Mounting plugin ExampleDeviceProfileSelector
LogPluginManager: Mounting plugin GoogleCloudMessaging
LogPluginManager: Mounting plugin IOSDeviceProfileSelector
LogPluginManager: Mounting plugin LinuxDeviceProfileSelector
LogPluginManager: Mounting plugin LocationServicesBPLibrary
LogPluginManager: Mounting plugin MobilePatchingUtils
LogPluginManager: Mounting plugin OculusVR
LogPluginManager: Mounting plugin PhysXVehicles
LogPluginManager: Mounting plugin ProceduralMeshComponent
LogPluginManager: Mounting plugin RuntimePhysXCooking
LogPluginManager: Mounting plugin SignificanceManager
LogPluginManager: Mounting plugin SteamVR
LogPluginManager: Mounting plugin WebMMoviePlayer
LogPluginManager: Mounting plugin WindowsMoviePlayer
LogPluginManager: Mounting plugin ScreenshotTools
LogInit: Using libcurl 7.55.1-DEV
LogInit:  - built for x86_64-pc-win32
LogInit:  - supports SSL with OpenSSL/1.1.1
LogInit:  - supports HTTP deflate (compression) using libz 1.2.8
LogInit:  - other features:
LogInit:      CURL_VERSION_SSL
LogInit:      CURL_VERSION_LIBZ
LogInit:      CURL_VERSION_IPV6
LogInit:      CURL_VERSION_ASYNCHDNS
LogInit:      CURL_VERSION_LARGEFILE
LogInit:      CURL_VERSION_IDN
LogInit:  CurlRequestOptions (configurable via config and command line):
LogInit:  - bVerifyPeer = true  - Libcurl will verify peer certificate
LogInit:  - bUseHttpProxy = false  - Libcurl will NOT use HTTP proxy
LogInit:  - bDontReuseConnections = false  - Libcurl will reuse connections
LogInit:  - MaxHostConnections = 16  - Libcurl will limit the number of connections to a host
LogInit:  - LocalHostAddr = Default
LogInit:  - BufferSize = 65536
LogOnline: OSS: Creating online subsystem instance for: NULL
LogInit: WinSock: version 1.1 (2.2), MaxSocks=32767, MaxUdp=65467
LogInit: Build: ++UE4+Release-4.23-CL-8386587
LogInit: Engine Version: 4.23.0-8386587+++UE4+Release-4.23
LogInit: Compatible Engine Version: 4.23.0-8386587+++UE4+Release-4.23
LogInit: Net CL: 8386587
LogInit: OS: Windows 10 (Release 1903) (), CPU: Intel(R) Core(TM) i7-7700 CPU @ 3.60GHz, GPU: NVIDIA GeForce GTX 1070
LogInit: Compiled (64-bit): Aug 31 2019 02:04:44
LogInit: Compiled with Visual C++: 19.16.27030.01
LogInit: Build Configuration: Development
LogInit: Branch Name: ++UE4+Release-4.23
LogInit: Command Line: 
LogInit: Base Directory: C:/Program Files/Epic Games/UE_4.23/Engine/Binaries/Win64/
LogInit: Installed Engine Build: 1
LogDevObjectVersion: Number of dev versions registered: 23
LogDevObjectVersion:   Dev-Blueprints (B0D832E4-1F89-4F0D-ACCF-7EB736FD4AA2): 10
LogDevObjectVersion:   Dev-Build (E1C64328-A22C-4D53-A36C-8E866417BD8C): 0
LogDevObjectVersion:   Dev-Core (375EC13C-06E4-48FB-B500-84F0262A717E): 3
LogDevObjectVersion:   Dev-Editor (E4B068ED-F494-42E9-A231-DA0B2E46BB41): 34
LogDevObjectVersion:   Dev-Framework (CFFC743F-43B0-4480-9391-14DF171D2073): 35
LogDevObjectVersion:   Dev-Mobile (B02B49B5-BB20-44E9-A304-32B752E40360): 2
LogDevObjectVersion:   Dev-Networking (A4E4105C-59A1-49B5-A7C5-40C4547EDFEE): 0
LogDevObjectVersion:   Dev-Online (39C831C9-5AE6-47DC-9A44-9C173E1C8E7C): 0
LogDevObjectVersion:   Dev-Physics (78F01B33-EBEA-4F98-B9B4-84EACCB95AA2): 0
LogDevObjectVersion:   Dev-Platform (6631380F-2D4D-43E0-8009-CF276956A95A): 0
LogDevObjectVersion:   Dev-Rendering (12F88B9F-8875-4AFC-A67C-D90C383ABD29): 31
LogDevObjectVersion:   Dev-Sequencer (7B5AE74C-D270-4C10-A958-57980B212A5A): 11
LogDevObjectVersion:   Dev-VR (D7296918-1DD6-4BDD-9DE2-64A83CC13884): 2
LogDevObjectVersion:   Dev-LoadTimes (C2A15278-BFE7-4AFE-6C17-90FF531DF755): 1
LogDevObjectVersion:   Private-Geometry (6EACA3D4-40EC-4CC1-B786-8BED09428FC5): 3
LogDevObjectVersion:   Dev-AnimPhys (29E575DD-E0A3-4627-9D10-D276232CDCEA): 17
LogDevObjectVersion:   Dev-Anim (AF43A65D-7FD3-4947-9873-3E8ED9C1BB05): 2
LogDevObjectVersion:   Dev-ReflectionCapture (6B266CEC-1EC7-4B8F-A30B-E4D90942FC07): 1
LogDevObjectVersion:   Dev-Automation (0DF73D61-A23F-47EA-B727-89E90C41499A): 1
LogDevObjectVersion:   FortniteMain (601D1886-AC64-4F84-AA16-D3DE0DEAC7D6): 27
LogDevObjectVersion:   Dev-Enterprise (9DFFBCD6-494F-0158-E221-12823C92A888): 6
LogDevObjectVersion:   Dev-Niagara (F2AED0AC-9AFE-416F-8664-AA7FFA26D6FC): 1
LogDevObjectVersion:   Dev-Destruction (174F1F0B-B4C6-45A5-B13F-2EE8D0FB917D): 9
LogInit: Presizing for max 16777216 objects, including 0 objects not considered by GC, pre-allocating 0 bytes for permanent pool.
LogInit: Object subsystem initialized
LogConfig: Setting CVar [[con.DebugEarlyDefault:1]]
LogConfig: Setting CVar [[r.setres:1280x720]]
[2019.11.05-00.41.51:244][  0]LogConfig: Setting CVar [[r.VSync:0]]
[2019.11.05-00.41.51:244][  0]LogConfig: Setting CVar [[r.RHICmdBypass:0]]
[2019.11.05-00.41.51:244][  0]LogConfig: Applying CVar settings from Section [/Script/Engine.RendererSettings] File [C:/Users/soneil/Documents/Unreal Projects/TurkeyProject01/Saved/Config/Windows/Engine.ini]
[2019.11.05-00.41.51:244][  0]LogConfig: Setting CVar [[r.GPUCrashDebugging:0]]
[2019.11.05-00.41.51:244][  0]LogConfig: Setting CVar [[r.MobileHDR:0]]
[2019.11.05-00.41.51:244][  0]LogConfig: Applying CVar settings from Section [/Script/Engine.RendererOverrideSettings] File [C:/Users/soneil/Documents/Unreal Projects/TurkeyProject01/Saved/Config/Windows/Engine.ini]
[2019.11.05-00.41.51:244][  0]LogConfig: Applying CVar settings from Section [/Script/Engine.StreamingSettings] File [C:/Users/soneil/Documents/Unreal Projects/TurkeyProject01/Saved/Config/Windows/Engine.ini]
[2019.11.05-00.41.51:244][  0]LogConfig: Setting CVar [[s.MinBulkDataSizeForAsyncLoading:131072]]
[2019.11.05-00.41.51:244][  0]LogConfig: Setting CVar [[s.AsyncLoadingThreadEnabled:0]]
[2019.11.05-00.41.51:244][  0]LogConfig: Setting CVar [[s.EventDrivenLoaderEnabled:1]]
[2019.11.05-00.41.51:244][  0]LogConfig: Setting CVar [[s.WarnIfTimeLimitExceeded:0]]
[2019.11.05-00.41.51:244][  0]LogConfig: Setting CVar [[s.TimeLimitExceededMultiplier:1.5]]
[2019.11.05-00.41.51:244][  0]LogConfig: Setting CVar [[s.TimeLimitExceededMinTime:0.005]]
[2019.11.05-00.41.51:244][  0]LogConfig: Setting CVar [[s.UseBackgroundLevelStreaming:1]]
[2019.11.05-00.41.51:244][  0]LogConfig: Setting CVar [[s.PriorityAsyncLoadingExtraTime:15.0]]
[2019.11.05-00.41.51:244][  0]LogConfig: Setting CVar [[s.LevelStreamingActorsUpdateTimeLimit:5.0]]
[2019.11.05-00.41.51:244][  0]LogConfig: Setting CVar [[s.PriorityLevelStreamingActorsUpdateExtraTime:5.0]]
[2019.11.05-00.41.51:244][  0]LogConfig: Setting CVar [[s.LevelStreamingComponentsRegistrationGranularity:10]]
[2019.11.05-00.41.51:244][  0]LogConfig: Setting CVar [[s.UnregisterComponentsTimeLimit:1.0]]
[2019.11.05-00.41.51:244][  0]LogConfig: Setting CVar [[s.LevelStreamingComponentsUnregistrationGranularity:5]]
[2019.11.05-00.41.51:244][  0]LogConfig: Applying CVar settings from Section [/Script/Engine.GarbageCollectionSettings] File [C:/Users/soneil/Documents/Unreal Projects/TurkeyProject01/Saved/Config/Windows/Engine.ini]
[2019.11.05-00.41.51:245][  0]LogConfig: Setting CVar [[gc.MaxObjectsNotConsideredByGC:1]]
[2019.11.05-00.41.51:245][  0]LogConfig: Setting CVar [[gc.SizeOfPermanentObjectPool:0]]
[2019.11.05-00.41.51:245][  0]LogConfig: Setting CVar [[gc.FlushStreamingOnGC:0]]
[2019.11.05-00.41.51:245][  0]LogConfig: Setting CVar [[gc.NumRetriesBeforeForcingGC:10]]
[2019.11.05-00.41.51:245][  0]LogConfig: Setting CVar [[gc.AllowParallelGC:1]]
[2019.11.05-00.41.51:245][  0]LogConfig: Setting CVar [[gc.TimeBetweenPurgingPendingKillObjects:61.1]]
[2019.11.05-00.41.51:245][  0]LogConfig: Setting CVar [[gc.MaxObjectsInEditor:16777216]]
[2019.11.05-00.41.51:245][  0]LogConfig: Setting CVar [[gc.IncrementalBeginDestroyEnabled:1]]
[2019.11.05-00.41.51:245][  0]LogConfig: Setting CVar [[gc.CreateGCClusters:1]]
[2019.11.05-00.41.51:245][  0]LogConfig: Setting CVar [[gc.MinGCClusterSize:5]]
[2019.11.05-00.41.51:245][  0]LogConfig: Setting CVar [[gc.ActorClusteringEnabled:0]]
[2019.11.05-00.41.51:245][  0]LogConfig: Setting CVar [[gc.BlueprintClusteringEnabled:0]]
[2019.11.05-00.41.51:245][  0]LogConfig: Setting CVar [[gc.UseDisregardForGCOnDedicatedServers:0]]
[2019.11.05-00.41.51:245][  0]LogConfig: Applying CVar settings from Section [/Script/Engine.NetworkSettings] File [C:/Users/soneil/Documents/Unreal Projects/TurkeyProject01/Saved/Config/Windows/Engine.ini]
[2019.11.05-00.41.51:245][  0]LogConfig: Applying CVar settings from Section [/Script/UnrealEd.CookerSettings] File [C:/Users/soneil/Documents/Unreal Projects/TurkeyProject01/Saved/Config/Windows/Engine.ini]
[2019.11.05-00.41.51:247][  0]LogConfig: Applying CVar settings from Section [ViewDistanceQuality@3] File [C:/Users/soneil/Documents/Unreal Projects/TurkeyProject01/Saved/Config/Windows/Scalability.ini]
[2019.11.05-00.41.51:247][  0]LogConfig: Setting CVar [[r.SkeletalMeshLODBias:0]]
[2019.11.05-00.41.51:247][  0]LogConfig: Setting CVar [[r.ViewDistanceScale:1.0]]
[2019.11.05-00.41.51:247][  0]LogConfig: Applying CVar settings from Section [AntiAliasingQuality@3] File [C:/Users/soneil/Documents/Unreal Projects/TurkeyProject01/Saved/Config/Windows/Scalability.ini]
[2019.11.05-00.41.51:247][  0]LogConfig: Setting CVar [[r.PostProcessAAQuality:4]]
[2019.11.05-00.41.51:247][  0]LogConfig: Applying CVar settings from Section [ShadowQuality@3] File [C:/Users/soneil/Documents/Unreal Projects/TurkeyProject01/Saved/Config/Windows/Scalability.ini]
[2019.11.05-00.41.51:247][  0]LogConfig: Setting CVar [[r.LightFunctionQuality:1]]
[2019.11.05-00.41.51:247][  0]LogConfig: Setting CVar [[r.ShadowQuality:5]]
[2019.11.05-00.41.51:247][  0]LogConfig: Setting CVar [[r.Shadow.CSM.MaxCascades:10]]
[2019.11.05-00.41.51:247][  0]LogConfig: Setting CVar [[r.Shadow.MaxResolution:2048]]
[2019.11.05-00.41.51:247][  0]LogConfig: Setting CVar [[r.Shadow.MaxCSMResolution:2048]]
[2019.11.05-00.41.51:247][  0]LogConfig: Setting CVar [[r.Shadow.RadiusThreshold:0.01]]
[2019.11.05-00.41.51:247][  0]LogConfig: Setting CVar [[r.Shadow.DistanceScale:1.0]]
[2019.11.05-00.41.51:247][  0]LogConfig: Setting CVar [[r.Shadow.CSM.TransitionScale:1.0]]
[2019.11.05-00.41.51:247][  0]LogConfig: Setting CVar [[r.Shadow.PreShadowResolutionFactor:1.0]]
[2019.11.05-00.41.51:247][  0]LogConfig: Setting CVar [[r.DistanceFieldShadowing:1]]
[2019.11.05-00.41.51:247][  0]LogConfig: Setting CVar [[r.DistanceFieldAO:1]]
[2019.11.05-00.41.51:247][  0]LogConfig: Setting CVar [[r.AOQuality:2]]
[2019.11.05-00.41.51:247][  0]LogConfig: Setting CVar [[r.VolumetricFog:1]]
[2019.11.05-00.41.51:247][  0]LogConfig: Setting CVar [[r.VolumetricFog.GridPixelSize:8]]
[2019.11.05-00.41.51:247][  0]LogConfig: Setting CVar [[r.VolumetricFog.GridSizeZ:128]]
[2019.11.05-00.41.51:247][  0]LogConfig: Setting CVar [[r.VolumetricFog.HistoryMissSupersampleCount:4]]
[2019.11.05-00.41.51:247][  0]LogConfig: Setting CVar [[r.LightMaxDrawDistanceScale:1]]
[2019.11.05-00.41.51:247][  0]LogConfig: Setting CVar [[r.CapsuleShadows:1]]
[2019.11.05-00.41.51:247][  0]LogConfig: Applying CVar settings from Section [PostProcessQuality@3] File [C:/Users/soneil/Documents/Unreal Projects/TurkeyProject01/Saved/Config/Windows/Scalability.ini]
[2019.11.05-00.41.51:247][  0]LogConfig: Setting CVar [[r.MotionBlurQuality:4]]
[2019.11.05-00.41.51:247][  0]LogConfig: Setting CVar [[r.AmbientOcclusionMipLevelFactor:0.4]]
[2019.11.05-00.41.51:247][  0]LogConfig: Setting CVar [[r.AmbientOcclusionMaxQuality:100]]
[2019.11.05-00.41.51:248][  0]LogConfig: Setting CVar [[r.AmbientOcclusionLevels:-1]]
[2019.11.05-00.41.51:248][  0]LogConfig: Setting CVar [[r.AmbientOcclusionRadiusScale:1.0]]
[2019.11.05-00.41.51:248][  0]LogConfig: Setting CVar [[r.DepthOfFieldQuality:2]]
[2019.11.05-00.41.51:248][  0]LogConfig: Setting CVar [[r.RenderTargetPoolMin:400]]
[2019.11.05-00.41.51:248][  0]LogConfig: Setting CVar [[r.LensFlareQuality:2]]
[2019.11.05-00.41.51:248][  0]LogConfig: Setting CVar [[r.SceneColorFringeQuality:1]]
[2019.11.05-00.41.51:248][  0]LogConfig: Setting CVar [[r.EyeAdaptationQuality:2]]
[2019.11.05-00.41.51:248][  0]LogConfig: Setting CVar [[r.BloomQuality:5]]
[2019.11.05-00.41.51:248][  0]LogConfig: Setting CVar [[r.FastBlurThreshold:100]]
[2019.11.05-00.41.51:248][  0]LogConfig: Setting CVar [[r.Upscale.Quality:3]]
[2019.11.05-00.41.51:248][  0]LogConfig: Setting CVar [[r.Tonemapper.GrainQuantization:1]]
[2019.11.05-00.41.51:248][  0]LogConfig: Setting CVar [[r.LightShaftQuality:1]]
[2019.11.05-00.41.51:248][  0]LogConfig: Setting CVar [[r.Filter.SizeScale:1]]
[2019.11.05-00.41.51:248][  0]LogConfig: Setting CVar [[r.Tonemapper.Quality:5]]
[2019.11.05-00.41.51:248][  0]LogConfig: Setting CVar [[r.DOF.Gather.AccumulatorQuality:1        ; higher gathering accumulator quality]]
[2019.11.05-00.41.51:248][  0]LogConfig: Setting CVar [[r.DOF.Gather.PostfilterMethod:1          ; Median3x3 postfilering method]]
[2019.11.05-00.41.51:248][  0]LogConfig: Setting CVar [[r.DOF.Gather.EnableBokehSettings:0       ; no bokeh simulation when gathering]]
[2019.11.05-00.41.51:248][  0]LogConfig: Setting CVar [[r.DOF.Gather.RingCount:4                 ; medium number of samples when gathering]]
[2019.11.05-00.41.51:248][  0]LogConfig: Setting CVar [[r.DOF.Scatter.ForegroundCompositing:1    ; additive foreground scattering]]
[2019.11.05-00.41.51:248][  0]LogConfig: Setting CVar [[r.DOF.Scatter.BackgroundCompositing:2    ; additive background scattering]]
[2019.11.05-00.41.51:248][  0]LogConfig: Setting CVar [[r.DOF.Scatter.EnableBokehSettings:1      ; bokeh simulation when scattering]]
[2019.11.05-00.41.51:248][  0]LogConfig: Setting CVar [[r.DOF.Scatter.MaxSpriteRatio:0.1         ; only a maximum of 10% of scattered bokeh]]
[2019.11.05-00.41.51:248][  0]LogConfig: Setting CVar [[r.DOF.Recombine.Quality:1                ; cheap slight out of focus]]
[2019.11.05-00.41.51:248][  0]LogConfig: Setting CVar [[r.DOF.Recombine.EnableBokehSettings:0    ; no bokeh simulation on slight out of focus]]
[2019.11.05-00.41.51:248][  0]LogConfig: Setting CVar [[r.DOF.TemporalAAQuality:1                ; more stable temporal accumulation]]
[2019.11.05-00.41.51:248][  0]LogConfig: Setting CVar [[r.DOF.Kernel.MaxForegroundRadius:0.025]]
[2019.11.05-00.41.51:248][  0]LogConfig: Setting CVar [[r.DOF.Kernel.MaxBackgroundRadius:0.025]]
[2019.11.05-00.41.51:248][  0]LogConfig: Applying CVar settings from Section [TextureQuality@3] File [C:/Users/soneil/Documents/Unreal Projects/TurkeyProject01/Saved/Config/Windows/Scalability.ini]
[2019.11.05-00.41.51:248][  0]LogConfig: Setting CVar [[r.Streaming.MipBias:0]]
[2019.11.05-00.41.51:248][  0]LogConfig: Setting CVar [[r.Streaming.AmortizeCPUToGPUCopy:0]]
[2019.11.05-00.41.51:248][  0]LogConfig: Setting CVar [[r.Streaming.MaxNumTexturesToStreamPerFrame:0]]
[2019.11.05-00.41.51:248][  0]LogConfig: Setting CVar [[r.Streaming.Boost:1]]
[2019.11.05-00.41.51:248][  0]LogConfig: Setting CVar [[r.MaxAnisotropy:8]]
[2019.11.05-00.41.51:248][  0]LogConfig: Setting CVar [[r.Streaming.LimitPoolSizeToVRAM:0]]
[2019.11.05-00.41.51:248][  0]LogConfig: Setting CVar [[r.Streaming.PoolSize:1000]]
[2019.11.05-00.41.51:248][  0]LogConfig: Setting CVar [[r.Streaming.MaxEffectiveScreenSize:0]]
[2019.11.05-00.41.51:248][  0]LogConfig: Applying CVar settings from Section [EffectsQuality@3] File [C:/Users/soneil/Documents/Unreal Projects/TurkeyProject01/Saved/Config/Windows/Scalability.ini]
[2019.11.05-00.41.51:248][  0]LogConfig: Setting CVar [[r.TranslucencyLightingVolumeDim:64]]
[2019.11.05-00.41.51:248][  0]LogConfig: Setting CVar [[r.RefractionQuality:2]]
[2019.11.05-00.41.51:248][  0]LogConfig: Setting CVar [[r.SSR.Quality:3]]
[2019.11.05-00.41.51:248][  0]LogConfig: Setting CVar [[r.SceneColorFormat:4]]
[2019.11.05-00.41.51:248][  0]LogConfig: Setting CVar [[r.DetailMode:2]]
[2019.11.05-00.41.51:248][  0]LogConfig: Setting CVar [[r.TranslucencyVolumeBlur:1]]
[2019.11.05-00.41.51:248][  0]LogConfig: Setting CVar [[r.MaterialQualityLevel:1 ; High quality]]
[2019.11.05-00.41.51:248][  0]LogConfig: Setting CVar [[r.SSS.Scale:1]]
[2019.11.05-00.41.51:248][  0]LogConfig: Setting CVar [[r.SSS.SampleSet:2]]
[2019.11.05-00.41.51:248][  0]LogConfig: Setting CVar [[r.SSS.Quality:1]]
[2019.11.05-00.41.51:248][  0]LogConfig: Setting CVar [[r.SSS.HalfRes:1]]
[2019.11.05-00.41.51:248][  0]LogConfig: Setting CVar [[r.EmitterSpawnRateScale:1.0]]
[2019.11.05-00.41.51:248][  0]LogConfig: Setting CVar [[r.ParticleLightQuality:2]]
[2019.11.05-00.41.51:248][  0]LogConfig: Applying CVar settings from Section [FoliageQuality@3] File [C:/Users/soneil/Documents/Unreal Projects/TurkeyProject01/Saved/Config/Windows/Scalability.ini]
[2019.11.05-00.41.51:248][  0]LogConfig: Setting CVar [[foliage.DensityScale:1.0]]
[2019.11.05-00.41.51:248][  0]LogConfig: Setting CVar [[grass.DensityScale:1.0]]
[2019.11.05-00.41.51:248][  0]LogInit: Selected Device Profile: [Windows]
[2019.11.05-00.41.51:248][  0]LogInit: Applying CVar settings loaded from the selected device profile: [Windows]
[2019.11.05-00.41.51:251][  0]LogHAL: Display: Platform has ~ 32 GB [34301571072 / 34359738368 / 32], which maps to Largest [LargestMinGB=32, LargerMinGB=12, DefaultMinGB=8, SmallerMinGB=6, SmallestMinGB=0)
[2019.11.05-00.41.51:251][  0]LogInit: Going up to parent DeviceProfile []
[2019.11.05-00.41.51:251][  0]LogConfig: Applying CVar settings from Section [ViewDistanceQuality@3] File [C:/Users/soneil/Documents/Unreal Projects/TurkeyProject01/Saved/Config/Windows/Scalability.ini]
[2019.11.05-00.41.51:251][  0]LogConfig: Setting CVar [[r.SkeletalMeshLODBias:0]]
[2019.11.05-00.41.51:251][  0]LogConfig: Setting CVar [[r.ViewDistanceScale:1.0]]
[2019.11.05-00.41.51:251][  0]LogConfig: Applying CVar settings from Section [AntiAliasingQuality@3] File [C:/Users/soneil/Documents/Unreal Projects/TurkeyProject01/Saved/Config/Windows/Scalability.ini]
[2019.11.05-00.41.51:251][  0]LogConfig: Setting CVar [[r.PostProcessAAQuality:4]]
[2019.11.05-00.41.51:251][  0]LogConfig: Applying CVar settings from Section [ShadowQuality@3] File [C:/Users/soneil/Documents/Unreal Projects/TurkeyProject01/Saved/Config/Windows/Scalability.ini]
[2019.11.05-00.41.51:251][  0]LogConfig: Setting CVar [[r.LightFunctionQuality:1]]
[2019.11.05-00.41.51:251][  0]LogConfig: Setting CVar [[r.ShadowQuality:5]]
[2019.11.05-00.41.51:251][  0]LogConfig: Setting CVar [[r.Shadow.CSM.MaxCascades:10]]
[2019.11.05-00.41.51:251][  0]LogConfig: Setting CVar [[r.Shadow.MaxResolution:2048]]
[2019.11.05-00.41.51:251][  0]LogConfig: Setting CVar [[r.Shadow.MaxCSMResolution:2048]]
[2019.11.05-00.41.51:251][  0]LogConfig: Setting CVar [[r.Shadow.RadiusThreshold:0.01]]
[2019.11.05-00.41.51:251][  0]LogConfig: Setting CVar [[r.Shadow.DistanceScale:1.0]]
[2019.11.05-00.41.51:251][  0]LogConfig: Setting CVar [[r.Shadow.CSM.TransitionScale:1.0]]
[2019.11.05-00.41.51:251][  0]LogConfig: Setting CVar [[r.Shadow.PreShadowResolutionFactor:1.0]]
[2019.11.05-00.41.51:251][  0]LogConfig: Setting CVar [[r.DistanceFieldShadowing:1]]
[2019.11.05-00.41.51:251][  0]LogConfig: Setting CVar [[r.DistanceFieldAO:1]]
[2019.11.05-00.41.51:251][  0]LogConfig: Setting CVar [[r.AOQuality:2]]
[2019.11.05-00.41.51:251][  0]LogConfig: Setting CVar [[r.VolumetricFog:1]]
[2019.11.05-00.41.51:251][  0]LogConfig: Setting CVar [[r.VolumetricFog.GridPixelSize:8]]
[2019.11.05-00.41.51:251][  0]LogConfig: Setting CVar [[r.VolumetricFog.GridSizeZ:128]]
[2019.11.05-00.41.51:251][  0]LogConfig: Setting CVar [[r.VolumetricFog.HistoryMissSupersampleCount:4]]
[2019.11.05-00.41.51:251][  0]LogConfig: Setting CVar [[r.LightMaxDrawDistanceScale:1]]
[2019.11.05-00.41.51:251][  0]LogConfig: Setting CVar [[r.CapsuleShadows:1]]
[2019.11.05-00.41.51:251][  0]LogConfig: Applying CVar settings from Section [PostProcessQuality@3] File [C:/Users/soneil/Documents/Unreal Projects/TurkeyProject01/Saved/Config/Windows/Scalability.ini]
[2019.11.05-00.41.51:251][  0]LogConfig: Setting CVar [[r.MotionBlurQuality:4]]
[2019.11.05-00.41.51:251][  0]LogConfig: Setting CVar [[r.AmbientOcclusionMipLevelFactor:0.4]]
[2019.11.05-00.41.51:251][  0]LogConfig: Setting CVar [[r.AmbientOcclusionMaxQuality:100]]
[2019.11.05-00.41.51:251][  0]LogConfig: Setting CVar [[r.AmbientOcclusionLevels:-1]]
[2019.11.05-00.41.51:251][  0]LogConfig: Setting CVar [[r.AmbientOcclusionRadiusScale:1.0]]
[2019.11.05-00.41.51:251][  0]LogConfig: Setting CVar [[r.DepthOfFieldQuality:2]]
[2019.11.05-00.41.51:251][  0]LogConfig: Setting CVar [[r.RenderTargetPoolMin:400]]
[2019.11.05-00.41.51:251][  0]LogConfig: Setting CVar [[r.LensFlareQuality:2]]
[2019.11.05-00.41.51:251][  0]LogConfig: Setting CVar [[r.SceneColorFringeQuality:1]]
[2019.11.05-00.41.51:251][  0]LogConfig: Setting CVar [[r.EyeAdaptationQuality:2]]
[2019.11.05-00.41.51:251][  0]LogConfig: Setting CVar [[r.BloomQuality:5]]
[2019.11.05-00.41.51:251][  0]LogConfig: Setting CVar [[r.FastBlurThreshold:100]]
[2019.11.05-00.41.51:251][  0]LogConfig: Setting CVar [[r.Upscale.Quality:3]]
[2019.11.05-00.41.51:251][  0]LogConfig: Setting CVar [[r.Tonemapper.GrainQuantization:1]]
[2019.11.05-00.41.51:251][  0]LogConfig: Setting CVar [[r.LightShaftQuality:1]]
[2019.11.05-00.41.51:251][  0]LogConfig: Setting CVar [[r.Filter.SizeScale:1]]
[2019.11.05-00.41.51:251][  0]LogConfig: Setting CVar [[r.Tonemapper.Quality:5]]
[2019.11.05-00.41.51:251][  0]LogConfig: Setting CVar [[r.DOF.Gather.AccumulatorQuality:1        ; higher gathering accumulator quality]]
[2019.11.05-00.41.51:251][  0]LogConfig: Setting CVar [[r.DOF.Gather.PostfilterMethod:1          ; Median3x3 postfilering method]]
[2019.11.05-00.41.51:251][  0]LogConfig: Setting CVar [[r.DOF.Gather.EnableBokehSettings:0       ; no bokeh simulation when gathering]]
[2019.11.05-00.41.51:251][  0]LogConfig: Setting CVar [[r.DOF.Gather.RingCount:4                 ; medium number of samples when gathering]]
[2019.11.05-00.41.51:251][  0]LogConfig: Setting CVar [[r.DOF.Scatter.ForegroundCompositing:1    ; additive foreground scattering]]
[2019.11.05-00.41.51:251][  0]LogConfig: Setting CVar [[r.DOF.Scatter.BackgroundCompositing:2    ; additive background scattering]]
[2019.11.05-00.41.51:251][  0]LogConfig: Setting CVar [[r.DOF.Scatter.EnableBokehSettings:1      ; bokeh simulation when scattering]]
[2019.11.05-00.41.51:252][  0]LogConfig: Setting CVar [[r.DOF.Scatter.MaxSpriteRatio:0.1         ; only a maximum of 10% of scattered bokeh]]
[2019.11.05-00.41.51:252][  0]LogConfig: Setting CVar [[r.DOF.Recombine.Quality:1                ; cheap slight out of focus]]
[2019.11.05-00.41.51:252][  0]LogConfig: Setting CVar [[r.DOF.Recombine.EnableBokehSettings:0    ; no bokeh simulation on slight out of focus]]
[2019.11.05-00.41.51:252][  0]LogConfig: Setting CVar [[r.DOF.TemporalAAQuality:1                ; more stable temporal accumulation]]
[2019.11.05-00.41.51:252][  0]LogConfig: Setting CVar [[r.DOF.Kernel.MaxForegroundRadius:0.025]]
[2019.11.05-00.41.51:252][  0]LogConfig: Setting CVar [[r.DOF.Kernel.MaxBackgroundRadius:0.025]]
[2019.11.05-00.41.51:252][  0]LogConfig: Applying CVar settings from Section [TextureQuality@3] File [C:/Users/soneil/Documents/Unreal Projects/TurkeyProject01/Saved/Config/Windows/Scalability.ini]
[2019.11.05-00.41.51:252][  0]LogConfig: Setting CVar [[r.Streaming.MipBias:0]]
[2019.11.05-00.41.51:252][  0]LogConfig: Setting CVar [[r.Streaming.AmortizeCPUToGPUCopy:0]]
[2019.11.05-00.41.51:252][  0]LogConfig: Setting CVar [[r.Streaming.MaxNumTexturesToStreamPerFrame:0]]
[2019.11.05-00.41.51:252][  0]LogConfig: Setting CVar [[r.Streaming.Boost:1]]
[2019.11.05-00.41.51:252][  0]LogConfig: Setting CVar [[r.MaxAnisotropy:8]]
[2019.11.05-00.41.51:252][  0]LogConfig: Setting CVar [[r.Streaming.LimitPoolSizeToVRAM:0]]
[2019.11.05-00.41.51:252][  0]LogConfig: Setting CVar [[r.Streaming.PoolSize:1000]]
[2019.11.05-00.41.51:252][  0]LogConfig: Setting CVar [[r.Streaming.MaxEffectiveScreenSize:0]]
[2019.11.05-00.41.51:252][  0]LogConfig: Applying CVar settings from Section [EffectsQuality@3] File [C:/Users/soneil/Documents/Unreal Projects/TurkeyProject01/Saved/Config/Windows/Scalability.ini]
[2019.11.05-00.41.51:252][  0]LogConfig: Setting CVar [[r.TranslucencyLightingVolumeDim:64]]
[2019.11.05-00.41.51:252][  0]LogConfig: Setting CVar [[r.RefractionQuality:2]]
[2019.11.05-00.41.51:252][  0]LogConfig: Setting CVar [[r.SSR.Quality:3]]
[2019.11.05-00.41.51:252][  0]LogConfig: Setting CVar [[r.SceneColorFormat:4]]
[2019.11.05-00.41.51:252][  0]LogConfig: Setting CVar [[r.DetailMode:2]]
[2019.11.05-00.41.51:252][  0]LogConfig: Setting CVar [[r.TranslucencyVolumeBlur:1]]
[2019.11.05-00.41.51:252][  0]LogConfig: Setting CVar [[r.MaterialQualityLevel:1 ; High quality]]
[2019.11.05-00.41.51:252][  0]LogConfig: Setting CVar [[r.SSS.Scale:1]]
[2019.11.05-00.41.51:252][  0]LogConfig: Setting CVar [[r.SSS.SampleSet:2]]
[2019.11.05-00.41.51:252][  0]LogConfig: Setting CVar [[r.SSS.Quality:1]]
[2019.11.05-00.41.51:252][  0]LogConfig: Setting CVar [[r.SSS.HalfRes:1]]
[2019.11.05-00.41.51:252][  0]LogConfig: Setting CVar [[r.EmitterSpawnRateScale:1.0]]
[2019.11.05-00.41.51:252][  0]LogConfig: Setting CVar [[r.ParticleLightQuality:2]]
[2019.11.05-00.41.51:252][  0]LogConfig: Applying CVar settings from Section [FoliageQuality@3] File [C:/Users/soneil/Documents/Unreal Projects/TurkeyProject01/Saved/Config/Windows/Scalability.ini]
[2019.11.05-00.41.51:252][  0]LogConfig: Setting CVar [[foliage.DensityScale:1.0]]
[2019.11.05-00.41.51:252][  0]LogConfig: Setting CVar [[grass.DensityScale:1.0]]
[2019.11.05-00.41.51:252][  0]LogConfig: Applying CVar settings from Section [Startup] File [../../../Engine/Config/ConsoleVariables.ini]
[2019.11.05-00.41.51:252][  0]LogConfig: Setting CVar [[net.UseAdaptiveNetUpdateFrequency:0]]
[2019.11.05-00.41.51:252][  0]LogConfig: Setting CVar [[p.chaos.AllowCreatePhysxBodies:1]]
[2019.11.05-00.41.51:252][  0]LogConfig: Applying CVar settings from Section [ConsoleVariables] File [C:/Users/soneil/Documents/Unreal Projects/TurkeyProject01/Saved/Config/Windows/Engine.ini]
[2019.11.05-00.41.51:252][  0]LogInit: Computer: NQSCGL-MSI-14
[2019.11.05-00.41.51:252][  0]LogInit: User: soneil
[2019.11.05-00.41.51:252][  0]LogInit: CPU Page size=4096, Cores=4
[2019.11.05-00.41.51:252][  0]LogInit: High frequency timer resolution =10.000000 MHz
[2019.11.05-00.41.51:252][  0]LogMemory: Memory total: Physical=31.9GB (32GB approx)
[2019.11.05-00.41.51:252][  0]LogMemory: Platform Memory Stats for Windows
[2019.11.05-00.41.51:252][  0]LogMemory: Process Physical Memory: 103.23 MB used, 103.24 MB peak
[2019.11.05-00.41.51:253][  0]LogMemory: Process Virtual Memory: 99.05 MB used, 99.05 MB peak
[2019.11.05-00.41.51:253][  0]LogMemory: Physical Memory: 7320.70 MB used,  25391.83 MB free, 32712.53 MB total
[2019.11.05-00.41.51:253][  0]LogMemory: Virtual Memory: 4667.51 MB used,  134213064.00 MB free, 134217728.00 MB total
[2019.11.05-00.41.51:255][  0]LogWindows: WindowsPlatformFeatures enabled
[2019.11.05-00.41.51:276][  0]LogInit: Using OS detected language (en-US).
[2019.11.05-00.41.51:276][  0]LogInit: Using OS detected locale (en-US).
[2019.11.05-00.41.51:277][  0]LogTextLocalizationManager: No specific localization for 'en-US' exists, so the 'en' localization will be used.
[2019.11.05-00.41.51:423][  0]LogInit: Setting process to per monitor DPI aware
[2019.11.05-00.41.51:455][  0]LogSlate: New Slate User Created.  User Index 0, Is Virtual User: 0
[2019.11.05-00.41.51:456][  0]LogSlate: Slate User Registered.  User Index 0, Is Virtual User: 0
[2019.11.05-00.41.51:637][  0]LogHMD: Failed to initialize OpenVR with code 110
[2019.11.05-00.41.51:637][  0]LogD3D11RHI: D3D11 adapters:
[2019.11.05-00.41.51:705][  0]LogD3D11RHI:    0. 'NVIDIA GeForce GTX 1070' (Feature Level 11_0)
[2019.11.05-00.41.51:705][  0]LogD3D11RHI:       8088/0/16356 MB DedicatedVideo/DedicatedSystem/SharedSystem, Outputs:1, VendorId:0x10de
[2019.11.05-00.41.51:707][  0]LogD3D11RHI:    1. 'Microsoft Basic Render Driver' (Feature Level 11_0)
[2019.11.05-00.41.51:707][  0]LogD3D11RHI:       0/0/16356 MB DedicatedVideo/DedicatedSystem/SharedSystem, Outputs:0, VendorId:0x1414
[2019.11.05-00.41.51:707][  0]LogD3D11RHI: Chosen D3D11 Adapter: 0
[2019.11.05-00.41.51:713][  0]LogD3D11RHI: Creating new Direct3DDevice
[2019.11.05-00.41.51:713][  0]LogD3D11RHI:     GPU DeviceId: 0x1b81 (for the marketing name, search the web for "GPU Device Id")
[2019.11.05-00.41.51:714][  0]LogWindows: EnumDisplayDevices:
[2019.11.05-00.41.51:714][  0]LogWindows:    0. 'NVIDIA GeForce GTX 1070' (P:1 D:1)
[2019.11.05-00.41.51:714][  0]LogWindows:    1. 'NVIDIA GeForce GTX 1070' (P:0 D:0)
[2019.11.05-00.41.51:714][  0]LogWindows:    2. 'NVIDIA GeForce GTX 1070' (P:0 D:0)
[2019.11.05-00.41.51:714][  0]LogWindows:    3. 'NVIDIA GeForce GTX 1070' (P:0 D:0)
[2019.11.05-00.41.51:715][  0]LogWindows: DebugString: FoundDriverCount:4 
[2019.11.05-00.41.51:715][  0]LogD3D11RHI:     Adapter Name: NVIDIA GeForce GTX 1070
[2019.11.05-00.41.51:715][  0]LogD3D11RHI:   Driver Version: 430.86 (internal:26.21.14.3086, unified:430.86)
[2019.11.05-00.41.51:715][  0]LogD3D11RHI:      Driver Date: 5-22-2019
[2019.11.05-00.41.51:715][  0]LogRHI: Texture pool is 5661 MB (70% of 8088 MB)
[2019.11.05-00.41.51:753][  0]LogD3D11RHI: Async texture creation enabled
[2019.11.05-00.41.51:764][  0]LogD3D11RHI: GPU Timing Frequency: 1000.000000 (Debug: 2 1)
[2019.11.05-00.41.52:093][  0]LogTemp: Display: Module 'AllDesktopTargetPlatform' loaded TargetPlatform 'AllDesktop'
[2019.11.05-00.41.52:101][  0]LogTemp: Display: Module 'MacClientTargetPlatform' loaded TargetPlatform 'MacClient'
[2019.11.05-00.41.52:109][  0]LogTemp: Display: Module 'MacNoEditorTargetPlatform' loaded TargetPlatform 'MacNoEditor'
[2019.11.05-00.41.52:117][  0]LogTemp: Display: Module 'MacServerTargetPlatform' loaded TargetPlatform 'MacServer'
[2019.11.05-00.41.52:125][  0]LogTemp: Display: Module 'MacTargetPlatform' loaded TargetPlatform 'Mac'
[2019.11.05-00.41.52:133][  0]LogTemp: Display: Module 'WindowsClientTargetPlatform' loaded TargetPlatform 'WindowsClient'
[2019.11.05-00.41.52:141][  0]LogTemp: Display: Module 'WindowsNoEditorTargetPlatform' loaded TargetPlatform 'WindowsNoEditor'
[2019.11.05-00.41.52:149][  0]LogTemp: Display: Module 'WindowsServerTargetPlatform' loaded TargetPlatform 'WindowsServer'
[2019.11.05-00.41.52:153][  0]LogTemp: Display: Module 'WindowsTargetPlatform' loaded TargetPlatform 'Windows'
[2019.11.05-00.41.52:181][  0]LogTemp: Display: Module 'AndroidTargetPlatform' loaded TargetPlatform 'Android'
[2019.11.05-00.41.52:181][  0]LogTemp: Display: Module 'AndroidTargetPlatform' loaded TargetPlatform 'Android_ASTC'
[2019.11.05-00.41.52:181][  0]LogTemp: Display: Module 'AndroidTargetPlatform' loaded TargetPlatform 'Android_ATC'
[2019.11.05-00.41.52:181][  0]LogTemp: Display: Module 'AndroidTargetPlatform' loaded TargetPlatform 'Android_DXT'
[2019.11.05-00.41.52:181][  0]LogTemp: Display: Module 'AndroidTargetPlatform' loaded TargetPlatform 'Android_ETC1'
[2019.11.05-00.41.52:181][  0]LogTemp: Display: Module 'AndroidTargetPlatform' loaded TargetPlatform 'Android_ETC1a'
[2019.11.05-00.41.52:181][  0]LogTemp: Display: Module 'AndroidTargetPlatform' loaded TargetPlatform 'Android_ETC2'
[2019.11.05-00.41.52:181][  0]LogTemp: Display: Module 'AndroidTargetPlatform' loaded TargetPlatform 'Android_PVRTC'
[2019.11.05-00.41.52:181][  0]LogTemp: Display: Module 'AndroidTargetPlatform' loaded TargetPlatform 'AndroidClient'
[2019.11.05-00.41.52:181][  0]LogTemp: Display: Module 'AndroidTargetPlatform' loaded TargetPlatform 'Android_ASTCClient'
[2019.11.05-00.41.52:181][  0]LogTemp: Display: Module 'AndroidTargetPlatform' loaded TargetPlatform 'Android_ATCClient'
[2019.11.05-00.41.52:181][  0]LogTemp: Display: Module 'AndroidTargetPlatform' loaded TargetPlatform 'Android_DXTClient'
[2019.11.05-00.41.52:181][  0]LogTemp: Display: Module 'AndroidTargetPlatform' loaded TargetPlatform 'Android_ETC1Client'
[2019.11.05-00.41.52:181][  0]LogTemp: Display: Module 'AndroidTargetPlatform' loaded TargetPlatform 'Android_ETC1aClient'
[2019.11.05-00.41.52:181][  0]LogTemp: Display: Module 'AndroidTargetPlatform' loaded TargetPlatform 'Android_ETC2Client'
[2019.11.05-00.41.52:181][  0]LogTemp: Display: Module 'AndroidTargetPlatform' loaded TargetPlatform 'Android_PVRTCClient'
[2019.11.05-00.41.52:181][  0]LogTemp: Display: Module 'AndroidTargetPlatform' loaded TargetPlatform 'Android_Multi'
[2019.11.05-00.41.52:181][  0]LogTemp: Display: Module 'AndroidTargetPlatform' loaded TargetPlatform 'Android_MultiClient'
[2019.11.05-00.41.52:182][  0]LogTemp: Display: Module 'HTML5TargetPlatform' loaded TargetPlatform 'HTML5'
[2019.11.05-00.41.52:197][  0]LogTemp: Display: Module 'IOSTargetPlatform' loaded TargetPlatform 'IOSClient'
[2019.11.05-00.41.52:197][  0]LogTemp: Display: Module 'IOSTargetPlatform' loaded TargetPlatform 'IOS'
[2019.11.05-00.41.52:210][  0]LogTemp: Display: Module 'TVOSTargetPlatform' loaded TargetPlatform 'TVOSClient'
[2019.11.05-00.41.52:210][  0]LogTemp: Display: Module 'TVOSTargetPlatform' loaded TargetPlatform 'TVOS'
[2019.11.05-00.41.52:216][  0]LogTemp: Display: Module 'LinuxClientTargetPlatform' loaded TargetPlatform 'LinuxClient'
[2019.11.05-00.41.52:224][  0]LogTemp: Display: Module 'LinuxNoEditorTargetPlatform' loaded TargetPlatform 'LinuxNoEditor'
[2019.11.05-00.41.52:231][  0]LogTemp: Display: Module 'LinuxServerTargetPlatform' loaded TargetPlatform 'LinuxServer'
[2019.11.05-00.41.52:238][  0]LogTemp: Display: Module 'LinuxTargetPlatform' loaded TargetPlatform 'Linux'
[2019.11.05-00.41.52:263][  0]LogTemp: Display: Module 'LuminTargetPlatform' loaded TargetPlatform 'Lumin'
[2019.11.05-00.41.52:263][  0]LogTemp: Display: Module 'LuminTargetPlatform' loaded TargetPlatform 'LuminClient'
[2019.11.05-00.41.52:263][  0]LogTargetPlatformManager: Display: Building Assets For Windows
[2019.11.05-00.41.52:272][  0]LogAudioDebug: Display: Lib vorbis DLL was dynamically loaded.
[2019.11.05-00.41.52:323][  0]LogShaderCompilers: Guid format shader working directory is -26 characters bigger than the processId version (../../../../../../Users/soneil/Documents/Unreal Projects/TurkeyProject01/Intermediate/Shaders/WorkingDirectory/11520/).
[2019.11.05-00.41.52:323][  0]LogShaderCompilers: Cleaned the shader compiler working directory 'C:/Users/soneil/AppData/Local/Temp/UnrealShaderWorkingDir/573594C44E83CD4D68BE55962A019BD6/'.
[2019.11.05-00.41.52:325][  0]LogXGEController: Cannot use XGE Controller as Incredibuild is not installed on this machine.
[2019.11.05-00.41.52:325][  0]LogShaderCompilers: Cannot use XGE Shader Compiler as Incredibuild is not installed on this machine.
[2019.11.05-00.41.52:325][  0]LogShaderCompilers: Display: Using Local Shader Compiler.
[2019.11.05-00.41.52:876][  0]LogDerivedDataCache: Display: Max Cache Size: 512 MB
[2019.11.05-00.41.52:918][  0]LogDerivedDataCache: Loaded boot cache 0.04s 74MB C:/Users/soneil/AppData/Local/UnrealEngine/4.23/DerivedDataCache/Boot.ddc.
[2019.11.05-00.41.52:918][  0]LogDerivedDataCache: Display: Loaded Boot cache: C:/Users/soneil/AppData/Local/UnrealEngine/4.23/DerivedDataCache/Boot.ddc
[2019.11.05-00.41.52:919][  0]LogDerivedDataCache: FDerivedDataBackendGraph:  Pak pak cache file ../../../../../../Users/soneil/Documents/Unreal Projects/TurkeyProject01/DerivedDataCache/DDC.ddp not found, will not use a pak cache.
[2019.11.05-00.41.52:919][  0]LogDerivedDataCache: Unable to find inner node Pak for hierarchical cache Hierarchy.
[2019.11.05-00.41.52:919][  0]LogDerivedDataCache: FDerivedDataBackendGraph:  CompressedPak pak cache file ../../../../../../Users/soneil/Documents/Unreal Projects/TurkeyProject01/DerivedDataCache/Compressed.ddp not found, will not use a pak cache.
[2019.11.05-00.41.52:919][  0]LogDerivedDataCache: Unable to find inner node CompressedPak for hierarchical cache Hierarchy.
[2019.11.05-00.41.52:927][  0]LogDerivedDataCache: Display: Pak cache opened for reading ../../../Engine/DerivedDataCache/Compressed.ddp.
[2019.11.05-00.41.52:928][  0]LogDerivedDataCache: FDerivedDataBackendGraph:  EnterprisePak pak cache file ../../../Enterprise/DerivedDataCache/Compressed.ddp not found, will not use a pak cache.
[2019.11.05-00.41.52:928][  0]LogDerivedDataCache: Unable to find inner node EnterprisePak for hierarchical cache Hierarchy.
[2019.11.05-00.41.52:929][  0]LogDerivedDataCache: Using Local data cache path C:/Users/soneil/AppData/Local/UnrealEngine/Common/DerivedDataCache: Writable
[2019.11.05-00.41.52:929][  0]LogDerivedDataCache: Shared data cache path not found in *engine.ini, will not use an Shared cache.
[2019.11.05-00.41.52:929][  0]LogDerivedDataCache: Unable to find inner node Shared for hierarchical cache Hierarchy.
[2019.11.05-00.41.52:949][  0]LogMaterial: Verifying Global Shaders for PCD3D_SM5
[2019.11.05-00.41.52:951][  0]LogSlate: Using FreeType 2.6.0
[2019.11.05-00.41.52:952][  0]LogSlate: SlateFontServices - WITH_FREETYPE: 1, WITH_HARFBUZZ: 1
[2019.11.05-00.41.53:010][  0]LogAssetRegistry: FAssetRegistry took 0.0021 seconds to start up
[2019.11.05-00.41.53:247][  0]LogInit: Selected Device Profile: [Windows]
[2019.11.05-00.41.53:414][  0]LogMeshReduction: Using QuadricMeshReduction for automatic static mesh reduction
[2019.11.05-00.41.53:414][  0]LogMeshReduction: Using SimplygonMeshReduction for automatic skeletal mesh reduction
[2019.11.05-00.41.53:414][  0]LogMeshReduction: Using ProxyLODMeshReduction for automatic mesh merging
[2019.11.05-00.41.53:414][  0]LogMeshReduction: No distributed automatic mesh merging module available
[2019.11.05-00.41.53:414][  0]LogMeshMerging: No distributed automatic mesh merging module available
[2019.11.05-00.41.53:422][  0]LogNetVersion: TurkeyProject01 1.0.0, NetCL: 8386587, EngineNetVer: 11, GameNetVer: 0 (Checksum: 4102888380)
[2019.11.05-00.41.53:793][  0]LogPackageLocalizationCache: Processed 12 localized package path(s) for 1 prioritized culture(s) in 0.040689 seconds
[2019.11.05-00.41.53:800][  0]LogUObjectArray: 43444 objects as part of root set at end of initial load.
[2019.11.05-00.41.53:800][  0]LogUObjectAllocator: 7548648 out of 0 bytes used by permanent object pool.
[2019.11.05-00.41.53:800][  0]LogUObjectArray: CloseDisregardForGC: 0/0 objects in disregard for GC pool
[2019.11.05-00.41.54:751][  0]LogTcpMessaging: Initializing TcpMessaging bridge
[2019.11.05-00.41.54:778][  0]LogUdpMessaging: Initializing bridge on interface 0.0.0.0:0 to multicast group 230.0.0.1:6666.
[2019.11.05-00.41.54:835][  0]SourceControl: Source control is disabled
[2019.11.05-00.41.54:835][  0]SourceControl: Source control is disabled
[2019.11.05-00.41.54:837][  0]SourceControl: Source control is disabled
[2019.11.05-00.41.54:837][  0]SourceControl: Source control is disabled
[2019.11.05-00.41.54:845][  0]LogVSAccessor: Display: Unable to create Visual Studio setup instance: 80040154
[2019.11.05-00.41.54:845][  0]LogVSAccessor: Display: Unable to create Visual Studio setup instance: 80040154
[2019.11.05-00.41.54:919][  0]LogAndroidPermission: UAndroidPermissionCallbackProxy::GetInstance
[2019.11.05-00.41.55:103][  0]LogOcInput: OculusInput pre-init called
[2019.11.05-00.41.55:109][  0]LogWindows: Failed to load 'OVRPlugin.dll' (GetLastError=126)
[2019.11.05-00.41.55:109][  0]LogWindows: File 'OVRPlugin.dll' does not exist
[2019.11.05-00.41.55:169][  0]LogEngine: Initializing Engine...
[2019.11.05-00.41.55:169][  0]LogHMD: Failed to initialize OpenVR with code 110
[2019.11.05-00.41.55:170][  0]LogStats: UGameplayTagsManager::InitializeManager -  0.000 s
[2019.11.05-00.41.55:358][  0]LogInit: Initializing FReadOnlyCVARCache
[2019.11.05-00.41.55:372][  0]LogAIModule: Creating AISystem for world Untitled
[2019.11.05-00.41.55:452][  0]LogInit: XAudio2 using 'Speakers (USB Audio Device)' : 2 channels at 48 kHz using 16 bits per sample (channel mask 0x3)
[2019.11.05-00.41.55:481][  0]LogInit: FAudioDevice initialized.
[2019.11.05-00.41.55:481][  0]LogNetVersion: Set ProjectVersion to 1.0.0.0. Version Checksum will be recalculated on next use.
[2019.11.05-00.41.55:853][  0]LogDerivedDataCache: Saved boot cache 0.37s 74MB C:/Users/soneil/AppData/Local/UnrealEngine/4.23/DerivedDataCache/Boot.ddc.
[2019.11.05-00.41.55:857][  0]LogInit: Texture streaming: Enabled
[2019.11.05-00.41.55:877][  0]LogEngineSessionManager: EngineSessionManager initialized
[2019.11.05-00.41.55:897][  0]LogInit: Transaction tracking system initialized
[2019.11.05-00.41.55:926][  0]BlueprintLog: New page: Editor Load
[2019.11.05-00.41.55:990][  0]LogInit: Warning: CVar named 'r.MobileHDR' marked up in RendererSettings was not found or is set to read-only
[2019.11.05-00.41.56:046][  0]LocalizationService: Localization service is disabled
[2019.11.05-00.41.56:139][  0]LogVSAccessor: Display: Unable to create Visual Studio setup instance: 80040154
[2019.11.05-00.41.56:140][  0]LogVSAccessor: Display: Unable to create Visual Studio setup instance: 80040154
[2019.11.05-00.41.56:302][  0]LogFileCache: Scanning file cache for directory 'C:/Users/soneil/Documents/Unreal Projects/TurkeyProject01/Content/' took 0.00s
[2019.11.05-00.41.56:302][  0]LogCook: Display: Max memory allowance for cook 16384mb min free memory 0mb
[2019.11.05-00.41.56:302][  0]LogCook: Display: Mobile HDR setting 1
[2019.11.05-00.41.56:482][  0]SourceControl: Source control is disabled
[2019.11.05-00.41.56:483][  0]Cmd: MAP LOAD FILE="../../../../../../Users/soneil/Documents/Unreal Projects/TurkeyProject01/Content/2DSideScrollerBP/Maps/2DSideScrollerExampleMap.umap" TEMPLATE=0 SHOWPROGRESS=1 FEATURELEVEL=3
[2019.11.05-00.41.56:483][  0]LightingResults: New page: Lighting Build
[2019.11.05-00.41.56:486][  0]LogWorld: UWorld::CleanupWorld for Untitled, bSessionEnded=true, bCleanupResources=true
[2019.11.05-00.41.56:486][  0]MapCheck: New page: Map Check
[2019.11.05-00.41.56:486][  0]LightingResults: New page: Lighting Build
[2019.11.05-00.41.56:506][  0]LogUObjectHash: Compacting FUObjectHashTables data took   1.53ms
[2019.11.05-00.41.56:590][  0]LogAIModule: Creating AISystem for world 2DSideScrollerExampleMap
[2019.11.05-00.41.56:594][  0]LogEditorServer: Finished looking for orphan Actors (0.000 secs)
[2019.11.05-00.41.56:617][  0]LogUObjectHash: Compacting FUObjectHashTables data took   2.62ms
[2019.11.05-00.41.56:617][  0]Cmd: MAP CHECKDEP NOCLEARLOG
[2019.11.05-00.41.56:617][  0]MapCheck: Map check complete: 0 Error(s), 0 Warning(s), took 0.171ms to complete.
[2019.11.05-00.41.56:617][  0]LogFileHelpers: Loading map '2DSideScrollerExampleMap' took 0.134
[2019.11.05-00.41.56:708][  0]LogSlate: Updating window title bar state: overlay mode, drag disabled, window buttons hidden, title bar hidden
[2019.11.05-00.41.56:713][  0]LogSlate: Updating window title bar state: overlay mode, drag disabled, window buttons hidden, title bar hidden
[2019.11.05-00.41.56:718][  0]LogSlate: Updating window title bar state: overlay mode, drag disabled, window buttons hidden, title bar hidden
[2019.11.05-00.41.56:724][  0]LogSlate: Updating window title bar state: overlay mode, drag disabled, window buttons hidden, title bar hidden
[2019.11.05-00.41.56:730][  0]LogCollectionManager: Loaded 0 collections in 0.001693 seconds
[2019.11.05-00.41.56:889][  0]LogFileCache: Scanning file cache for directory 'C:/Users/soneil/Documents/Unreal Projects/TurkeyProject01/Saved/Collections/' took 0.00s
[2019.11.05-00.41.56:889][  0]LogFileCache: Scanning file cache for directory 'C:/Users/soneil/Documents/Unreal Projects/TurkeyProject01/Content/Developers/soneil/Collections/' took 0.00s
[2019.11.05-00.41.56:889][  0]LogFileCache: Scanning file cache for directory 'C:/Users/soneil/Documents/Unreal Projects/TurkeyProject01/Content/Collections/' took 0.00s
[2019.11.05-00.41.56:889][  0]LogCollectionManager: Rebuilt the GUID cache for 0 collections in 0.000002 seconds
[2019.11.05-00.41.56:896][  0]LogContentBrowser: Native class hierarchy populated in 0.0068 seconds. Added 2863 classes and 680 folders.
[2019.11.05-00.41.56:904][  0]LogContentBrowser: Native class hierarchy updated for 'WidgetCarousel' in 0.0002 seconds. Added 0 classes and 0 folders.
[2019.11.05-00.41.56:943][  0]LogContentBrowser: Native class hierarchy updated for 'AddContentDialog' in 0.0002 seconds. Added 0 classes and 0 folders.
[2019.11.05-00.41.56:948][  0]LogContentBrowser: Native class hierarchy updated for 'SceneOutliner' in 0.0002 seconds. Added 1 classes and 2 folders.
[2019.11.05-00.41.56:964][  0]LogSlate: Took 0.000214 seconds to synchronously load lazily loaded font '../../../Engine/Content/Slate/Fonts/Roboto-Regular.ttf' (155K)
[2019.11.05-00.41.56:966][  0]LogSlate: Took 0.000218 seconds to synchronously load lazily loaded font '../../../Engine/Content/Slate/Fonts/Roboto-Bold.ttf' (160K)
[2019.11.05-00.41.56:969][  0]LogSlate: Took 0.000171 seconds to synchronously load lazily loaded font '../../../Engine/Content/Editor/Slate/Fonts/FontAwesome.ttf' (139K)
[2019.11.05-00.41.57:021][  0]LogRenderer: Reallocating scene render targets to support 1056x556 Format 10 NumSamples 1 (Frame:1).
[2019.11.05-00.41.57:121][  0]LogSlate: FSceneViewport::OnFocusLost() reason 5
[2019.11.05-00.41.57:135][  0]LogSlate: Window 'Tutorials' being destroyed
[2019.11.05-00.41.57:145][  0]LogContentBrowser: Native class hierarchy updated for 'HierarchicalLODOutliner' in 0.0002 seconds. Added 0 classes and 0 folders.
[2019.11.05-00.41.57:145][  0]LogLoad: (Engine Initialization) Total time: 6.95 seconds
[2019.11.05-00.41.57:145][  0]LogLoad: (Engine Initialization) Total Blueprint compile time: 0.00 seconds
[2019.11.05-00.41.57:186][  0]LogAssetRegistry: Asset discovery search completed in 4.1773 seconds
[2019.11.05-00.41.57:189][  0]LogCollectionManager: Rebuilt the object cache for 0 collections in 0.000004 seconds (found 0 objects)
[2019.11.05-00.41.57:189][  0]LogCollectionManager: Fixed up redirectors for 0 collections in 0.000043 seconds (updated 0 objects)
[2019.11.05-00.41.57:190][  0]LogContentStreaming: Texture pool size now 1000 MB
[2019.11.05-00.41.57:206][  0]LogSlate: Took 0.000219 seconds to synchronously load lazily loaded font '../../../Engine/Content/Slate/Fonts/Roboto-Light.ttf' (167K)
[2019.11.05-00.42.03:478][750]LogSlate: FSceneViewport::OnFocusLost() reason 0
[2019.11.05-00.45.55:484][886]LogSlate: FSceneViewport::OnFocusLost() reason 0
[2019.11.05-00.46.18:082][583]LogSlate: FSceneViewport::OnFocusLost() reason 0
[2019.11.05-00.46.21:821][ 28]Cmd: BRUSH ADD SELECTNEWBRUSH
[2019.11.05-00.46.24:812][383]LogSlate: FSceneViewport::OnFocusLost() reason 0
[2019.11.05-00.46.32:504][301]LogSlate: FSceneViewport::OnFocusLost() reason 0
[2019.11.05-00.46.37:612][913]LogSlate: Took 0.000231 seconds to synchronously load lazily loaded font '../../../Engine/Content/Slate/Fonts/Roboto-Light.ttf' (167K)
[2019.11.05-00.46.37:621][913]LogAssetEditorManager: Opening Asset editor for Blueprint /Game/2DSideScrollerBP/Blueprints/2DSideScrollerCharacter.2DSideScrollerCharacter
[2019.11.05-00.46.37:811][913]LogContentBrowser: Native class hierarchy updated for 'BlueprintGraph' in 0.0004 seconds. Added 121 classes and 0 folders.
[2019.11.05-00.46.38:467][913]LogSlate: Took 0.000368 seconds to synchronously load lazily loaded font '../../../Engine/Content/Slate/Fonts/Roboto-BoldCondensed.ttf' (158K)
[2019.11.05-00.46.38:540][914]LogSlate: Took 0.000319 seconds to synchronously load lazily loaded font '../../../Engine/Content/Slate/Fonts/Roboto-Italic.ttf' (157K)
[2019.11.05-00.46.45:816][702]LogSlate: FSceneViewport::OnFocusLost() reason 2
[2019.11.05-00.46.48:220][966]LogSlate: FSceneViewport::OnFocusLost() reason 0
[2019.11.05-00.46.48:303][976]BlueprintLog: New page: Compile 2DSideScrollerCharacter
[2019.11.05-00.46.48:459][976]LogUObjectHash: Compacting FUObjectHashTables data took   3.78ms
[2019.11.05-00.46.54:659][695]LogSlate: FSceneViewport::OnFocusLost() reason 0
[2019.11.05-00.46.55:461][791]LogTemp: Repeating last play command: Selected Viewport
[2019.11.05-00.46.55:465][791]LogBlueprintUserMessages: Early PlayInEditor Detection: Level '/Game/2DSideScrollerBP/Maps/2DSideScrollerExampleMap.2DSideScrollerExampleMap:PersistentLevel' has LevelScriptBlueprint '/Game/2DSideScrollerBP/Maps/2DSideScrollerExampleMap.2DSideScrollerExampleMap:PersistentLevel.2DSideScrollerExampleMap' with GeneratedClass '/Game/2DSideScrollerBP/Maps/2DSideScrollerExampleMap.2DSideScrollerExampleMap_C' with ClassGeneratedBy '/Game/2DSideScrollerBP/Maps/2DSideScrollerExampleMap.2DSideScrollerExampleMap:PersistentLevel.2DSideScrollerExampleMap'
[2019.11.05-00.46.55:465][791]LogPlayLevel: PlayLevel: No blueprints needed recompiling
[2019.11.05-00.46.55:465][791]PIE: New page: PIE session: 2DSideScrollerExampleMap (Nov 4, 2019, 2:46:55 PM)
[2019.11.05-00.46.55:466][791]LogOnline: OSS: Creating online subsystem instance for: NULL
[2019.11.05-00.46.55:467][791]LogPlayLevel: Creating play world package: /Game/2DSideScrollerBP/Maps/UEDPIE_0_2DSideScrollerExampleMap
[2019.11.05-00.46.55:470][791]LogPlayLevel: PIE: StaticDuplicateObject took: (0.002937s)
[2019.11.05-00.46.55:471][791]LogAIModule: Creating AISystem for world 2DSideScrollerExampleMap
[2019.11.05-00.46.55:472][791]LogPlayLevel: PIE: World Init took: (0.001227s)
[2019.11.05-00.46.55:472][791]LogPlayLevel: PIE: Created PIE world by copying editor world from /Game/2DSideScrollerBP/Maps/2DSideScrollerExampleMap.2DSideScrollerExampleMap to /Game/2DSideScrollerBP/Maps/UEDPIE_0_2DSideScrollerExampleMap.2DSideScrollerExampleMap (0.004403s)
[2019.11.05-00.46.55:497][791]LogUObjectHash: Compacting FUObjectHashTables data took   2.59ms
[2019.11.05-00.46.55:532][791]LogInit: XAudio2 using 'Speakers (USB Audio Device)' : 2 channels at 48 kHz using 16 bits per sample (channel mask 0x3)
[2019.11.05-00.46.55:544][791]LogInit: FAudioDevice initialized.
[2019.11.05-00.46.55:550][791]LogLoad: Game class is '2DSideScrollerGameMode_C'
[2019.11.05-00.46.55:552][791]LogWorld: Bringing World /Game/2DSideScrollerBP/Maps/UEDPIE_0_2DSideScrollerExampleMap.2DSideScrollerExampleMap up for play (max tick rate 0) at 2019.11.04-19.46.55
[2019.11.05-00.46.55:552][791]LogWorld: Bringing up level for play took: 0.000910
[2019.11.05-00.46.55:552][791]LogOnline: OSS: Creating online subsystem instance for: :Context_3
[2019.11.05-00.46.55:642][791]LogContentBrowser: Native class hierarchy updated for 'MovieSceneCapture' in 0.0002 seconds. Added 20 classes and 0 folders.
[2019.11.05-00.46.55:642][791]PIE: Play in editor start time for /Game/2DSideScrollerBP/Maps/UEDPIE_0_2DSideScrollerExampleMap 0.387
[2019.11.05-00.46.55:643][791]LogBlueprintUserMessages: Late PlayInEditor Detection: Level '/Game/2DSideScrollerBP/Maps/2DSideScrollerExampleMap.2DSideScrollerExampleMap:PersistentLevel' has LevelScriptBlueprint '/Game/2DSideScrollerBP/Maps/2DSideScrollerExampleMap.2DSideScrollerExampleMap:PersistentLevel.2DSideScrollerExampleMap' with GeneratedClass '/Game/2DSideScrollerBP/Maps/2DSideScrollerExampleMap.2DSideScrollerExampleMap_C' with ClassGeneratedBy '/Game/2DSideScrollerBP/Maps/2DSideScrollerExampleMap.2DSideScrollerExampleMap:PersistentLevel.2DSideScrollerExampleMap'
[2019.11.05-00.47.03:749][734]LogBlueprintUserMessages: Early EndPlayMap Detection: Level '/Game/2DSideScrollerBP/Maps/2DSideScrollerExampleMap.2DSideScrollerExampleMap:PersistentLevel' has LevelScriptBlueprint '/Game/2DSideScrollerBP/Maps/2DSideScrollerExampleMap.2DSideScrollerExampleMap:PersistentLevel.2DSideScrollerExampleMap' with GeneratedClass '/Game/2DSideScrollerBP/Maps/2DSideScrollerExampleMap.2DSideScrollerExampleMap_C' with ClassGeneratedBy '/Game/2DSideScrollerBP/Maps/2DSideScrollerExampleMap.2DSideScrollerExampleMap:PersistentLevel.2DSideScrollerExampleMap'
[2019.11.05-00.47.03:749][734]LogSlate: Updating window title bar state: overlay mode, drag disabled, window buttons hidden, title bar hidden
[2019.11.05-00.47.03:749][734]LogWorld: BeginTearingDown for /Game/2DSideScrollerBP/Maps/UEDPIE_0_2DSideScrollerExampleMap
[2019.11.05-00.47.03:750][734]LogWorld: UWorld::CleanupWorld for 2DSideScrollerExampleMap, bSessionEnded=true, bCleanupResources=true
[2019.11.05-00.47.03:760][734]LogPlayLevel: Display: Shutting down PIE online subsystems
[2019.11.05-00.47.03:760][734]LogBlueprintUserMessages: Late EndPlayMap Detection: Level '/Game/2DSideScrollerBP/Maps/2DSideScrollerExampleMap.2DSideScrollerExampleMap:PersistentLevel' has LevelScriptBlueprint '/Game/2DSideScrollerBP/Maps/2DSideScrollerExampleMap.2DSideScrollerExampleMap:PersistentLevel.2DSideScrollerExampleMap' with GeneratedClass '/Game/2DSideScrollerBP/Maps/2DSideScrollerExampleMap.2DSideScrollerExampleMap_C' with ClassGeneratedBy '/Game/2DSideScrollerBP/Maps/2DSideScrollerExampleMap.2DSideScrollerExampleMap:PersistentLevel.2DSideScrollerExampleMap'
[2019.11.05-00.47.03:797][734]LogSlate: Updating window title bar state: overlay mode, drag disabled, window buttons hidden, title bar hidden
[2019.11.05-00.47.03:813][734]LogUObjectHash: Compacting FUObjectHashTables data took   3.26ms
[2019.11.05-00.47.03:848][738]LogPlayLevel: Display: Destroying online subsystem :Context_3
[2019.11.05-00.47.11:037][600]LogSlate: FSceneViewport::OnFocusLost() reason 0
[2019.11.05-00.47.13:463][885]LogMaterial: Display: Missing cached shader map for material T_Brick_Clay_Beveled_Mat, compiling. 
[2019.11.05-00.47.13:504][885]LogShaderCompilers: Display: Worker (1/5): shaders left to compile 22
[2019.11.05-00.47.13:504][885]LogShaderCompilers: Display: Worker (2/5): shaders left to compile 16
[2019.11.05-00.47.13:504][885]LogShaderCompilers: Display: Worker (3/5): shaders left to compile 10
[2019.11.05-00.47.13:504][885]LogShaderCompilers: Display: Worker (4/5): shaders left to compile 4
[2019.11.05-00.47.16:772][266]LogSlate: FSceneViewport::OnFocusLost() reason 0
[2019.11.05-00.47.22:898][999]LogAssetEditorManager: Opening Asset editor for Material /Game/StarterContent/Textures/T_Brick_Clay_Beveled_Mat.T_Brick_Clay_Beveled_Mat
[2019.11.05-00.47.22:901][999]LogMaterial: Display: Missing cached shader map for material T_Brick_Clay_Beveled_Mat, compiling. 
[2019.11.05-00.47.23:374][999]LogMaterial: Display: Missing cached shader map for material T_Brick_Clay_Beveled_Mat, compiling. 
[2019.11.05-00.47.23:393][999]LogMaterial: Display: Missing cached shader map for material FMatExpressionPreview MaterialExpressionTextureSample_0, compiling. 
[2019.11.05-00.47.23:401][999]LogShaderCompilers: Display: Worker (1/5): shaders left to compile 21
[2019.11.05-00.47.23:401][999]LogShaderCompilers: Display: Worker (2/5): shaders left to compile 20
[2019.11.05-00.47.23:401][999]LogShaderCompilers: Display: Worker (3/5): shaders left to compile 19
[2019.11.05-00.47.23:401][999]LogShaderCompilers: Display: Worker (4/5): shaders left to compile 18
[2019.11.05-00.47.23:401][999]LogMaterial: Display: Missing cached shader map for material FMatExpressionPreview MaterialExpressionTextureSample_1, compiling. 
[2019.11.05-00.47.23:697][ 19]LogShaderCompilers: Display: Worker (1/5): shaders left to compile 25
[2019.11.05-00.47.23:697][ 19]LogShaderCompilers: Display: Worker (3/5): shaders left to compile 24
[2019.11.05-00.47.23:708][ 20]LogShaderCompilers: Display: Worker (4/5): shaders left to compile 23
[2019.11.05-00.47.23:737][ 23]LogShaderCompilers: Display: Worker (2/5): shaders left to compile 22
[2019.11.05-00.47.23:901][ 38]LogShaderCompilers: Display: Worker (2/5): shaders left to compile 21
[2019.11.05-00.47.24:018][ 48]LogShaderCompilers: Display: Worker (4/5): shaders left to compile 20
[2019.11.05-00.47.24:018][ 48]LogShaderCompilers: Display: Worker (1/5): shaders left to compile 19
[2019.11.05-00.47.24:028][ 49]LogShaderCompilers: Display: Worker (3/5): shaders left to compile 18
[2019.11.05-00.47.24:133][ 59]LogShaderCompilers: Display: Worker (2/5): shaders left to compile 17
[2019.11.05-00.47.24:342][ 77]LogShaderCompilers: Display: Worker (3/5): shaders left to compile 16
[2019.11.05-00.47.24:571][ 98]LogShaderCompilers: Display: Worker (4/5): shaders left to compile 15
[2019.11.05-00.47.24:571][ 98]LogShaderCompilers: Display: Worker (1/5): shaders left to compile 14
[2019.11.05-00.47.24:618][103]LogShaderCompilers: Display: Worker (2/5): shaders left to compile 13
[2019.11.05-00.47.24:852][124]LogShaderCompilers: Display: Worker (3/5): shaders left to compile 12
[2019.11.05-00.47.24:863][125]LogMaterialEditor: Saving and Compiling material T_Brick_Clay_Beveled_Mat
[2019.11.05-00.47.24:876][125]LogShaderCompilers: Display: Worker (4/5): shaders left to compile 11
[2019.11.05-00.47.24:909][125]LogSavePackage: Moving '../../../../../../Users/soneil/Documents/Unreal Projects/TurkeyProject01/Saved/T_Brick_Clay_Beveled_MatE710CE05463195D4926532A3C0DC7E75.tmp' to '../../../../../../Users/soneil/Documents/Unreal Projects/TurkeyProject01/Content/StarterContent/Textures/T_Brick_Clay_Beveled_Mat.uasset'
[2019.11.05-00.47.25:074][136]LogShaderCompilers: Display: Worker (1/5): shaders left to compile 10
[2019.11.05-00.47.25:154][143]LogShaderCompilers: Display: Worker (2/5): shaders left to compile 9
[2019.11.05-00.47.25:176][145]LogShaderCompilers: Display: Worker (3/5): shaders left to compile 8
[2019.11.05-00.47.25:323][159]LogShaderCompilers: Display: Worker (4/5): shaders left to compile 7
[2019.11.05-00.47.25:481][173]LogShaderCompilers: Display: Worker (2/5): shaders left to compile 6
[2019.11.05-00.47.25:566][181]LogShaderCompilers: Display: Worker (1/5): shaders left to compile 5
[2019.11.05-00.47.25:579][182]LogShaderCompilers: Display: Worker (3/5): shaders left to compile 4
[2019.11.05-00.47.25:580][182]MaterialEditorStats: Base pass shader: 126 instructions
[2019.11.05-00.47.25:580][182]MaterialEditorStats: Base pass shader with Volumetric Lightmap: 200 instructions
[2019.11.05-00.47.25:580][182]MaterialEditorStats: Base pass vertex shader: 44 instructions
[2019.11.05-00.47.25:580][182]MaterialEditorStats: Texture samplers: 5/16
[2019.11.05-00.47.25:580][182]MaterialEditorStats: Texture Lookups (Est.): VS(0), PS(2)
[2019.11.05-00.47.25:580][182]MaterialEditorStats: User interpolators: 2/4 Scalars (1/4 Vectors) (TexCoords: 2, Custom: 0)
[2019.11.05-00.47.25:699][193]LogShaderCompilers: Display: Worker (4/5): shaders left to compile 3
[2019.11.05-00.47.25:791][201]LogShaderCompilers: Display: Worker (2/5): shaders left to compile 2
[2019.11.05-00.47.25:870][208]LogShaderCompilers: Display: Worker (1/5): shaders left to compile 1
[2019.11.05-00.47.26:323][255]LogWorld: UWorld::CleanupWorld for World_2, bSessionEnded=true, bCleanupResources=true
[2019.11.05-00.47.27:118][343]LogSlate: Window '2DSideScrollerCharacter' being destroyed
[2019.11.05-00.47.27:126][343]LogWorld: UWorld::CleanupWorld for World_1, bSessionEnded=true, bCleanupResources=true
[2019.11.05-00.47.38:782][737]LogSlate: FSceneViewport::OnFocusLost() reason 0
[2019.11.05-00.48.00:027][806]LogSlate: FSceneViewport::OnFocusLost() reason 5
[2019.11.05-00.48.03:172][166]LogUObjectHash: Compacting FUObjectHashTables data took   3.26ms
[2019.11.05-00.48.03:223][166]LogUObjectHash: Compacting FUObjectHashTables data took   2.25ms
[2019.11.05-00.48.03:360][166]LogSavePackage: Moving '../../../../../../Users/soneil/Documents/Unreal Projects/TurkeyProject01/Saved/2DSideScrollerExampleMap45A2F9AB4E944510350D86A70C3177A0.tmp' to '../../../../../../Users/soneil/Documents/Unreal Projects/TurkeyProject01/Content/2DSideScrollerBP/Maps/2DSideScrollerExampleMap.umap'
[2019.11.05-00.48.03:369][166]LogFileHelpers: Saving map '2DSideScrollerExampleMap' took 0.188
[2019.11.05-00.48.03:400][166]LogSavePackage: Moving '../../../../../../Users/soneil/Documents/Unreal Projects/TurkeyProject01/Saved/2DSideScrollerCharacter466D5FB84DE0DC22FDEFCA90A210E9B5.tmp' to '../../../../../../Users/soneil/Documents/Unreal Projects/TurkeyProject01/Content/2DSideScrollerBP/Blueprints/2DSideScrollerCharacter.uasset'
[2019.11.05-00.48.17:900][684]LogUObjectHash: Compacting FUObjectHashTables data took   2.40ms
[2019.11.05-00.50.13:877][384]LogUObjectHash: Compacting FUObjectHashTables data took   0.92ms
